0 info it worked if it ends with ok
1 verbose cli [ '/usr/bin/nodejs', '/usr/local/bin/npm', 'publish' ]
2 info using npm@3.10.9
3 info using node@v4.6.1
4 verbose publish [ '.' ]
5 silly cache add args [ '.', null ]
6 verbose cache add spec .
7 silly cache add parsed spec Result {
7 silly cache add   raw: '.',
7 silly cache add   scope: null,
7 silly cache add   escapedName: null,
7 silly cache add   name: null,
7 silly cache add   rawSpec: '.',
7 silly cache add   spec: '/home/usr/Documents/Dev/Coffeescript/Disk_action',
7 silly cache add   type: 'directory' }
8 verbose addLocalDirectory /home/usr/.npm/disk-action/0.2.0/package.tgz not in flight; packing
9 verbose correctMkdir /home/usr/.npm correctMkdir not in flight; initializing
10 info lifecycle disk-action@0.2.0~prepublish: disk-action@0.2.0
11 silly lifecycle disk-action@0.2.0~prepublish: no script for prepublish, continuing
12 verbose tar pack [ '/home/usr/.npm/disk-action/0.2.0/package.tgz',
12 verbose tar pack   '/home/usr/Documents/Dev/Coffeescript/Disk_action' ]
13 verbose tarball /home/usr/.npm/disk-action/0.2.0/package.tgz
14 verbose folder /home/usr/Documents/Dev/Coffeescript/Disk_action
15 verbose addLocalTarball adding from inside cache /home/usr/.npm/disk-action/0.2.0/package.tgz
16 verbose correctMkdir /home/usr/.npm correctMkdir not in flight; initializing
17 silly cache afterAdd disk-action@0.2.0
18 verbose afterAdd /home/usr/.npm/disk-action/0.2.0/package/package.json not in flight; writing
19 verbose correctMkdir /home/usr/.npm correctMkdir not in flight; initializing
20 verbose afterAdd /home/usr/.npm/disk-action/0.2.0/package/package.json written
21 silly publish { name: 'disk-action',
21 silly publish   version: '0.2.0',
21 silly publish   description: 'Implement standard disk actions',
21 silly publish   main: 'Disk_action.js',
21 silly publish   scripts: { test: 'mocha --require coffee-script/register --compilers coffee:coffee-script/register test/' },
21 silly publish   repository:
21 silly publish    { type: 'git',
21 silly publish      url: 'git+https://github.com/x42en/Disk_action.git' },
21 silly publish   keywords:
21 silly publish    [ 'CoffeeScript',
21 silly publish      'disk',
21 silly publish      'read',
21 silly publish      'create',
21 silly publish      'write',
21 silly publish      'move',
21 silly publish      'delete',
21 silly publish      'append',
21 silly publish      'class' ],
21 silly publish   author: { name: 'Ben Mz' },
21 silly publish   license: 'Apache-2.0',
21 silly publish   bugs: { url: 'https://github.com/x42en/Disk_action/issues' },
21 silly publish   homepage: 'https://github.com/x42en/Disk_action',
21 silly publish   dependencies: { mv: '^2.1.1', replace: '^0.3.0', xfs: '^0.1.10' },
21 silly publish   devDependencies:
21 silly publish    { chai: '^3.5.0',
21 silly publish      'chai-files': '^1.4.0',
21 silly publish      'coffee-script': '^1.12.4',
21 silly publish      mocha: '^3.2.0' },
21 silly publish   readme: '# disk-action\n\n[![NPM](https://nodei.co/npm/disk-action.png?compact=true)](https://nodei.co/npm/disk-action/)\n\n[![Downloads per month](https://img.shields.io/npm/dm/disk-action.svg?maxAge=2592000)](https://www.npmjs.org/package/disk-action)\n[![npm version](https://img.shields.io/npm/v/disk-action.svg)](https://www.npmjs.org/package/disk-action)\n[![Build Status](https://travis-ci.org/x42en/Disk_action.svg?branch=master)](https://travis-ci.org/x42en/Disk_action)\n[![Dependencies](https://david-dm.org/x42en/disk-action.svg)](https://www.npmjs.org/package/disk-action)\n\nEasy to use module in order to create / delete / modify files and directory.\nAll unexistent directories will be create \'on-the-fly\', and delete works for either file or directory. ** BE CAREFUL ** when specifying directory: all content will be erased !!\n\n**Important:** This package is **NOT** backward compatible with 0.1.x versions... Be careful if you update your npm project...\n\n\n## Install\n\nInstall with npm:\n  ```sh\n    npm install disk-action\n  ```\n\n## Basic Usage\n\nRequire the module:\n  ```coffeescript\n    Disk = require \'disk-action\'\n  ```\n\nInitialize with encoding _(default is \'utf-8\')_:\n  ```coffeescript\n    disk = new Disk(\'utf-8\')\n  ```\n\nRead a file:\n  ```coffeescript\n    disk.read\n      filename: \'directory/not/created/hello.txt\'\n      cb: (data) ->\n        console.log data\n  ```\n\n## Methods available:\n\n* [read()](#read-a-file)    _read a file_\n* [touch()](#create-file)   _create empty file_\n* [write()](#create-file-with-content)   _similar to create() for backward compatibility_\n* [create()](#create-file-with-content)  _create a file or directory_\n* [append()](#append-to-file)  _append content to a file_\n* [copy()](#copy-files)    _copy a file/directory_\n* [move()](#move-files)    _move a file directory_\n* [replace()](#replace-content-in-files) _replace string in file_\n* [delete()](#delete-file-or-directory)  _delete file/directory_\n\n## Methods usage:\n\n### Read a file:\n  ```coffeescript\n    disk.read\n      filename: \'directory/not/created/hello.txt\'\n      cb: (data) ->\n        console.log data\n  ```\n\n### Create file:\n  ```coffeescript\n    disk.create\n      filename: \'directory/not/created/hello.txt\'\n      content: \'I like coffee\'\n      cb: () ->\n        console.log \'File created\'\n  ```\n\n### Create file with content:\n  ```coffeescript\n    disk.create\n      filename: \'directory/not/created/hello.txt\'\n      content: \'I like coffee\'\n  ```\n\n### Create directory:\n  ```coffeescript\n    disk.create\n      dirname: \'another/directory\'\n  ```\n\n### Append to file:\n  ```coffeescript\n    disk.append\n      filename: \'directory/not/created/hello.txt\'\n      content: \'But JS is not my best friend... ;)\'\n  ```\n\n### Copy files:\n  ```coffeescript\n    disk.copy\n      source: \'directory/not/created/hello.txt\'\n      destination: \'another/directory/hello2.txt\'\n  ```\n\n### Move files:\n  ```coffeescript\n    disk.move\n      source: \'directory/not/created/hello.txt\'\n      destination: \'another/directory/hello2.txt\'\n  ```\n\n### Replace content in file:\n  ```coffeescript\n    disk.replace\n      filename: \'directory/not/created/hello.txt\'\n      to_replace: \'coffee\'\n      replace_with: \'CoffeeScript\'\n  ```\n\n### Delete file or directory:\n  ```coffeescript\n    disk.delete\n      filename: \'directory/not/created/hello.txt\'\n  ```\n\n\n## Extended usage\n\nAll methods supports an optional callback parameter:\n  ```coffeescript\n    disk.write\n      filename: \'directory/not/created/hello.txt\'\n      content: \'I like coffee\'\n      cb: do_something()\n  ```\nor:\n  ```coffeescript\n    disk.read\n      filename: \'directory/not/created/hello.txt\'\n      cb: (data) ->\n        console.log data\n  ```\n\n## Run tests\n\nYou can run unit-tests using mocha with:\n  ```sh\n    npm test\n  ```\n',
21 silly publish   readmeFilename: 'README.md',
21 silly publish   gitHead: '1a42ddd45d8d6e2a0f4cd670282818bf8cbca85f',
21 silly publish   _id: 'disk-action@0.2.0',
21 silly publish   _shasum: '85c53e515d33ef9446e0c3eaf2010304e428ae12',
21 silly publish   _from: '.' }
22 verbose getPublishConfig undefined
23 silly mapToRegistry name disk-action
24 silly mapToRegistry using default registry
25 silly mapToRegistry registry https://registry.npmjs.org/
26 silly mapToRegistry data Result {
26 silly mapToRegistry   raw: 'disk-action',
26 silly mapToRegistry   scope: null,
26 silly mapToRegistry   escapedName: 'disk-action',
26 silly mapToRegistry   name: 'disk-action',
26 silly mapToRegistry   rawSpec: '',
26 silly mapToRegistry   spec: 'latest',
26 silly mapToRegistry   type: 'tag' }
27 silly mapToRegistry uri https://registry.npmjs.org/disk-action
28 verbose publish registryBase https://registry.npmjs.org/
29 silly publish uploading /home/usr/.npm/disk-action/0.2.0/package.tgz
30 verbose request uri https://registry.npmjs.org/disk-action
31 verbose request sending authorization for write operation
32 info attempt registry request try #1 at 02:01:48
33 verbose request id 50da9284542fe52f
34 http request PUT https://registry.npmjs.org/disk-action
35 http 403 https://registry.npmjs.org/disk-action
36 verbose headers { 'content-type': 'application/json',
36 verbose headers   'cache-control': 'max-age=300',
36 verbose headers   'content-length': '95',
36 verbose headers   'accept-ranges': 'bytes',
36 verbose headers   date: 'Fri, 17 Mar 2017 01:01:50 GMT',
36 verbose headers   via: '1.1 varnish',
36 verbose headers   connection: 'keep-alive',
36 verbose headers   'x-served-by': 'cache-lcy1132-LCY',
36 verbose headers   'x-cache': 'MISS',
36 verbose headers   'x-cache-hits': '0',
36 verbose headers   'x-timer': 'S1489712508.871871,VS0,VE1278',
36 verbose headers   vary: 'Accept-Encoding' }
37 verbose request invalidating /home/usr/.npm/registry.npmjs.org/disk-action on PUT
38 error publish Failed PUT 403
39 verbose stack Error: "You cannot publish over the previously published version 0.2.0." : disk-action
39 verbose stack     at makeError (/usr/local/lib/node_modules/npm/node_modules/npm-registry-client/lib/request.js:302:12)
39 verbose stack     at CachingRegistryClient.<anonymous> (/usr/local/lib/node_modules/npm/node_modules/npm-registry-client/lib/request.js:290:14)
39 verbose stack     at Request._callback (/usr/local/lib/node_modules/npm/node_modules/npm-registry-client/lib/request.js:210:14)
39 verbose stack     at Request.self.callback (/usr/local/lib/node_modules/npm/node_modules/request/request.js:187:22)
39 verbose stack     at emitTwo (events.js:87:13)
39 verbose stack     at Request.emit (events.js:172:7)
39 verbose stack     at Request.<anonymous> (/usr/local/lib/node_modules/npm/node_modules/request/request.js:1048:10)
39 verbose stack     at emitOne (events.js:77:13)
39 verbose stack     at Request.emit (events.js:169:7)
39 verbose stack     at IncomingMessage.<anonymous> (/usr/local/lib/node_modules/npm/node_modules/request/request.js:969:12)
40 verbose statusCode 403
41 verbose pkgid disk-action
42 verbose cwd /home/usr/Documents/Dev/Coffeescript/Disk_action
43 error Linux 4.9.0-14.1-liquorix-amd64
44 error argv "/usr/bin/nodejs" "/usr/local/bin/npm" "publish"
45 error node v4.6.1
46 error npm  v3.10.9
47 error code E403
48 error "You cannot publish over the previously published version 0.2.0." : disk-action
49 error If you need help, you may report this error at:
49 error     <https://github.com/npm/npm/issues>
50 verbose exit [ 1, true ]
